<?xml version="1.0" encoding="UTF-8"?>
<testsuite name="game.SpellCheckerTest" tests="5" skipped="0" failures="0" errors="0" timestamp="2022-03-09T20:34:23" hostname="Phus-MBP.attlocal.net" time="0.91">
  <properties/>
  <testcase name="isSpellingCorrectReturnExceptionNetworkErrorSpellChecker()" classname="game.SpellCheckerTest" time="0.023"/>
  <testcase name="parseFalseSpellChecker()" classname="game.SpellCheckerTest" time="0.001"/>
  <testcase name="getResponseFromURLAndReturnTextSpellChecker()" classname="game.SpellCheckerTest" time="0.88"/>
  <testcase name="isSpellingCorrectReturnResultSpellChecker()" classname="game.SpellCheckerTest" time="0.003"/>
  <testcase name="parseTrueSpellChecker()" classname="game.SpellCheckerTest" time="0.001"/>
  <system-out><![CDATA[]]></system-out>
  <system-err><![CDATA[]]></system-err>
</testsuite>
